Traceback (most recent call last):
  File "/home/rick/Museum/bsc-thesis/thesis-env/lib/python3.8/site-packages/matlab/engine/__init__.py", line 45, in <module>
    pythonengine = importlib.import_module("matlabengineforpython"+_PYTHONVERSION)
  File "/home/rick/Museum/.pyenv/versions/3.8.5/lib/python3.8/importlib/__init__.py", line 127, in import_module
    return _bootstrap._gcd_import(name[level:], package, level)
  File "<frozen importlib._bootstrap>", line 1014, in _gcd_import
  File "<frozen importlib._bootstrap>", line 991, in _find_and_load
  File "<frozen importlib._bootstrap>", line 973, in _find_and_load_unlocked
ModuleNotFoundError: No module named 'matlabengineforpython3_8'

During handling of the above exception, another exception occurred:

Traceback (most recent call last):
  File "/home/rick/Museum/bsc-thesis/thesis-env/lib/python3.8/site-packages/matlab/engine/__init__.py", line 63, in <module>
    pythonengine = importlib.import_module("matlabengineforpython"+_PYTHONVERSION)
  File "/home/rick/Museum/.pyenv/versions/3.8.5/lib/python3.8/importlib/__init__.py", line 127, in import_module
    return _bootstrap._gcd_import(name[level:], package, level)
  File "<frozen importlib._bootstrap>", line 1014, in _gcd_import
  File "<frozen importlib._bootstrap>", line 991, in _find_and_load
  File "<frozen importlib._bootstrap>", line 975, in _find_and_load_unlocked
  File "<frozen importlib._bootstrap>", line 657, in _load_unlocked
  File "<frozen importlib._bootstrap>", line 556, in module_from_spec
  File "<frozen importlib._bootstrap_external>", line 1101, in create_module
  File "<frozen importlib._bootstrap>", line 219, in _call_with_frames_removed
ImportError: /home/rick/MATLAB/R2020b/extern/engines/python/dist/matlab/engine/glnxa64/../../../../../../../bin/glnxa64/libssl.so.1.1: undefined symbol: EVP_idea_cbc, version OPENSSL_1_1_0

During handling of the above exception, another exception occurred:

Traceback (most recent call last):
  File "<stdin>", line 1, in <module>
  File "/home/rick/Museum/bsc-thesis/bicycle_controller/connect.py", line 5, in <module>
    import matlab.engine
  File "/home/rick/Museum/bsc-thesis/thesis-env/lib/python3.8/site-packages/matlab/engine/__init__.py", line 65, in <module>
    raise EnvironmentError('Please reinstall MATLAB Engine for Python or contact '
OSError: Please reinstall MATLAB Engine for Python or contact MathWorks Technical Support for assistance: /home/rick/MATLAB/R2020b/extern/engines/python/dist/matlab/engine/glnxa64/../../../../../../../bin/glnxa64/libssl.so.1.1: undefined symbol: EVP_idea_cbc, version OPENSSL_1_1_0

